<?xml version="1.0" encoding="UTF-8"?>
<!-- Generated by org.testng.reporters.JUnitReportReporter -->
<testsuite hostname="DESKTOP-0FVAB1O" failures="0" tests="1" name="runner.Runner" time="59.371" errors="0" timestamp="13 Jun 2024 14:13:26 GMT" skipped="0">
  <testcase classname="runner.Runner" name="runScenario" time="59.371"/>
</testsuite> <!-- runner.Runner -->
