<?xml version="1.0" encoding="UTF-8"?>
<!-- Generated by org.testng.reporters.JUnitReportReporter -->
<testsuite hostname="DESKTOP-0FVAB1O" failures="0" tests="1" name="test.LoginTest" time="74.041" errors="0" timestamp="12 Jun 2024 15:13:31 GMT" skipped="0">
  <testcase classname="test.LoginTest" name="login" time="74.041"/>
</testsuite> <!-- test.LoginTest -->
